<?xml version="1.0" encoding="UTF-8"?>
<testng-results total="1" passed="1" failed="0" skipped="0">
  <reporter-output>
  </reporter-output>
  <suite started-at="2021-03-18T12:42:56Z" name="Default suite" finished-at="2021-03-18T12:43:19Z" duration-ms="23110">
    <groups>
    </groups>
    <test started-at="2021-03-18T12:42:56Z" name="Default test" finished-at="2021-03-18T12:43:19Z" duration-ms="23110">
      <class name="poc.PDFCode1">
        <test-method is-config="true" signature="before1()[pri:0, instance:poc.PDFCode1@6ab778a]" started-at="2021-03-18T18:12:56Z" name="before1" finished-at="2021-03-18T18:13:02Z" duration-ms="5250" status="PASS">
          <reporter-output>
          </reporter-output>
        </test-method> <!-- before1 -->
        <test-method signature="pdfCreate()[pri:0, instance:poc.PDFCode1@6ab778a]" started-at="2021-03-18T18:13:02Z" name="pdfCreate" finished-at="2021-03-18T18:13:19Z" duration-ms="17791" status="PASS">
          <reporter-output>
          </reporter-output>
        </test-method> <!-- pdfCreate -->
        <test-method is-config="true" signature="after1()[pri:0, instance:poc.PDFCode1@6ab778a]" started-at="2021-03-18T18:13:19Z" name="after1" finished-at="2021-03-18T18:13:19Z" duration-ms="50" status="PASS">
          <reporter-output>
          </reporter-output>
        </test-method> <!-- after1 -->
      </class> <!-- poc.PDFCode1 -->
    </test> <!-- Default test -->
  </suite> <!-- Default suite -->
</testng-results>
